Build started 6/8/2019 8:52:25 AM.
     1>Project "C:\Users\welcome\Desktop\SummerCamp\compilerv1\compilerv1\compilerv1.vcxproj" on node 2 (Build target(s)).
     1>ClCompile:
         C:\Program Files (x86)\Microsoft Visual Studio 12.0\VC\bin\CL.exe /c /ZI /nologo /W3 /WX- /sdl /Od /Oy- /D _CRT_SECURE_NO_WARNINGS /D _MBCS /Gm /EHsc /RTC1 /MDd /GS /fp:precise /Zc:wchar_t /Zc:forScope /Fo"Debug\\" /Fd"Debug\vc120.pdb" /Gd /TP /analyze- /errorReport:prompt compiler.cpp
         compiler.cpp
     1>c:\users\welcome\desktop\summercamp\compilerv1\compilerv1\compiler.cpp(22): warning C4101: 'size' : unreferenced local variable
     1>c:\users\welcome\desktop\summercamp\compilerv1\compilerv1\compiler.cpp(249): error C2059: syntax error : '}'
     1>Done Building Project "C:\Users\welcome\Desktop\SummerCamp\compilerv1\compilerv1\compilerv1.vcxproj" (Build target(s)) -- FAILED.

Build FAILED.

Time Elapsed 00:00:03.63
